{
  "RSpec": {
    "coverage": {
      "/home/birt/Documents/assignment-two-Bitked/test/controllers/makes_controller_test.rb": [
        1,
        null,
        1,
        1,
        15,
        null,
        null,
        1,
        1,
        1,
        null,
        null,
        1,
        1,
        1,
        null,
        null,
        1,
        1,
        1,
        null,
        null,
        1,
        1,
        1,
        null,
        null,
        1,
        1,
        1,
        null,
        1,
        null,
        null,
        1,
        1,
        1,
        null,
        null,
        1,
        1,
        1,
        null,
        1,
        null,
        null,
        1,
        1,
        1,
        null,
        null,
        1,
        1,
        1,
        null,
        1,
        null,
        null,
        1,
        1,
        1,
        null,
        null,
        1,
        1,
        1,
        null,
        null,
        1,
        1,
        1,
        null,
        null,
        1,
        1,
        1,
        null,
        null,
        null,
        1,
        1,
        null,
        null,
        1,
        1,
        1,
        null,
        null,
        null
      ],
      "/home/birt/Documents/assignment-two-Bitked/test/controllers/parts_controller_test.rb": [
        1,
        null,
        1,
        1,
        15,
        null,
        null,
        1,
        1,
        1,
        null,
        null,
        1,
        1,
        1,
        null,
        null,
        1,
        1,
        1,
        null,
        null,
        1,
        1,
        1,
        null,
        null,
        1,
        1,
        1,
        null,
        1,
        null,
        null,
        1,
        1,
        1,
        null,
        null,
        1,
        1,
        1,
        null,
        1,
        null,
        null,
        1,
        1,
        1,
        null,
        null,
        1,
        1,
        1,
        null,
        1,
        null,
        null,
        1,
        1,
        1,
        null,
        null,
        1,
        1,
        1,
        null,
        null,
        1,
        1,
        1,
        1,
        1,
        null,
        null,
        null,
        1,
        1,
        1,
        1,
        1,
        null,
        null,
        null,
        1,
        1,
        null,
        null,
        1,
        1,
        1,
        null,
        null,
        null,
        null
      ],
      "/home/birt/Documents/assignment-two-Bitked/test/models/car_test.rb": [
        1,
        null,
        1,
        null
      ],
      "/home/birt/Documents/assignment-two-Bitked/test/models/cars_part_test.rb": [
        1,
        null,
        1,
        null,
        null,
        null,
        null
      ],
      "/home/birt/Documents/assignment-two-Bitked/test/models/make_test.rb": [
        1,
        null,
        1,
        null
      ],
      "/home/birt/Documents/assignment-two-Bitked/test/models/part_test.rb": [
        1,
        null,
        1,
        null
      ],
      "/home/birt/Documents/assignment-two-Bitked/app/models/part.rb": [
        1,
        1,
        null,
        1,
        null
      ],
      "/home/birt/Documents/assignment-two-Bitked/app/models/application_record.rb": [
        1,
        1,
        null
      ],
      "/home/birt/Documents/assignment-two-Bitked/app/models/make.rb": [
        1,
        1,
        null,
        1,
        1,
        null
      ],
      "/home/birt/Documents/assignment-two-Bitked/app/models/cars_part.rb": [
        1,
        1,
        1,
        null,
        1,
        1,
        null
      ],
      "/home/birt/Documents/assignment-two-Bitked/app/models/car.rb": [
        1,
        1,
        1,
        null,
        1,
        1,
        1,
        1,
        null,
        null
      ],
      "/home/birt/Documents/assignment-two-Bitked/app/controllers/parts_controller.rb": [
        1,
        1,
        null,
        null,
        null,
        1,
        1,
        null,
        null,
        null,
        null,
        1,
        null,
        null,
        null,
        1,
        1,
        1,
        null,
        null,
        null,
        1,
        1,
        null,
        null,
        null,
        null,
        1,
        2,
        null,
        2,
        2,
        2,
        1,
        null,
        2,
        1,
        null,
        null,
        null,
        null,
        null,
        null,
        1,
        2,
        2,
        2,
        1,
        null,
        2,
        1,
        null,
        null,
        null,
        null,
        null,
        null,
        1,
        1,
        1,
        2,
        1,
        null,
        null,
        null,
        1,
        3,
        3,
        null,
        null,
        1,
        null,
        1,
        5,
        null,
        null,
        null,
        1,
        4,
        null,
        null
      ],
      "/home/birt/Documents/assignment-two-Bitked/app/controllers/application_controller.rb": [
        1,
        null
      ],
      "/home/birt/Documents/assignment-two-Bitked/app/helpers/application_helper.rb": [
        1,
        null
      ],
      "/home/birt/Documents/assignment-two-Bitked/app/helpers/cars_helper.rb": [
        1,
        null
      ],
      "/home/birt/Documents/assignment-two-Bitked/app/helpers/makes_helper.rb": [
        1,
        null
      ],
      "/home/birt/Documents/assignment-two-Bitked/app/helpers/parts_helper.rb": [
        1,
        null
      ],
      "/home/birt/Documents/assignment-two-Bitked/app/controllers/makes_controller.rb": [
        1,
        1,
        null,
        null,
        null,
        1,
        1,
        null,
        null,
        null,
        null,
        1,
        null,
        null,
        null,
        1,
        1,
        null,
        null,
        null,
        1,
        null,
        null,
        null,
        null,
        1,
        2,
        null,
        2,
        2,
        2,
        1,
        null,
        2,
        1,
        null,
        null,
        null,
        null,
        null,
        null,
        1,
        2,
        2,
        2,
        1,
        null,
        2,
        1,
        null,
        null,
        null,
        null,
        null,
        null,
        1,
        1,
        1,
        2,
        1,
        null,
        null,
        null,
        1,
        5,
        5,
        null,
        null,
        1,
        null,
        1,
        5,
        null,
        null,
        null,
        1,
        4,
        null,
        null
      ],
      "/home/birt/Documents/assignment-two-Bitked/app/controllers/cars_controller.rb": [
        1,
        1,
        null,
        null,
        null,
        1,
        1,
        null,
        null,
        null,
        null,
        1,
        null,
        null,
        null,
        1,
        1,
        1,
        null,
        null,
        null,
        null,
        1,
        1,
        null,
        null,
        null,
        null,
        1,
        2,
        null,
        2,
        2,
        2,
        1,
        null,
        2,
        1,
        null,
        null,
        null,
        null,
        null,
        null,
        1,
        2,
        2,
        2,
        1,
        null,
        2,
        1,
        null,
        null,
        null,
        null,
        null,
        null,
        1,
        1,
        1,
        2,
        1,
        null,
        null,
        null,
        1,
        5,
        5,
        null,
        null,
        1,
        null,
        1,
        5,
        null,
        null,
        null,
        1,
        4,
        null,
        null
      ]
    },
    "timestamp": 1570475026
  }
}
